<?xml version="1.0" encoding="UTF-8" ?>
<testsuite tests="14" failures="0" name="TestSuite" time="114.25" errors="0" skipped="0">
  <properties>
    <property name="java.runtime.name" value="Java(TM) SE Runtime Environment"/>
    <property name="java.vm.version" value="14.0.2+12-46"/>
    <property name="sun.boot.library.path" value="/Library/Java/JavaVirtualMachines/jdk-14.0.2.jdk/Contents/Home/lib"/>
    <property name="maven.multiModuleProjectDirectory" value="/Users/craigpothier/workspace/selenium3-testng-framework"/>
    <property name="java.vm.vendor" value="Oracle Corporation"/>
    <property name="java.vendor.url" value="https://java.oracle.com/"/>
    <property name="guice.disable.misplaced.annotation.check" value="true"/>
    <property name="path.separator" value=":"/>
    <property name="java.vm.name" value="Java HotSpot(TM) 64-Bit Server VM"/>
    <property name="user.country" value="US"/>
    <property name="sun.java.launcher" value="SUN_STANDARD"/>
    <property name="java.vm.specification.name" value="Java Virtual Machine Specification"/>
    <property name="user.dir" value="/Users/craigpothier/workspace/selenium3-testng-framework"/>
    <property name="java.vm.compressedOopsMode" value="Zero based"/>
    <property name="java.runtime.version" value="14.0.2+12-46"/>
    <property name="os.arch" value="x86_64"/>
    <property name="java.io.tmpdir" value="/var/folders/cr/b1ybmn_n6tjg9pgv39s3cwnr0000gn/T/"/>
    <property name="line.separator" value="
"/>
    <property name="java.vm.specification.vendor" value="Oracle Corporation"/>
    <property name="os.name" value="Mac OS X"/>
    <property name="classworlds.conf" value="/Users/craigpothier/workspace/apache-maven-3.6.3/bin/m2.conf"/>
    <property name="sun.jnu.encoding" value="UTF-8"/>
    <property name="java.library.path" value="/Users/craigpothier/Library/Java/Extensions:/Library/Java/Extensions:/Network/Library/Java/Extensions:/System/Library/Java/Extensions:/usr/lib/java:."/>
    <property name="maven.conf" value="/Users/craigpothier/workspace/apache-maven-3.6.3/conf"/>
    <property name="jdk.debug" value="release"/>
    <property name="java.class.version" value="58.0"/>
    <property name="java.specification.name" value="Java Platform API Specification"/>
    <property name="sun.management.compiler" value="HotSpot 64-Bit Tiered Compilers"/>
    <property name="os.version" value="10.14.5"/>
    <property name="library.jansi.path" value="/Users/craigpothier/workspace/apache-maven-3.6.3/lib/jansi-native"/>
    <property name="http.nonProxyHosts" value="local|*.local|169.254/16|*.169.254/16"/>
    <property name="user.home" value="/Users/craigpothier"/>
    <property name="user.timezone" value="America/Chicago"/>
    <property name="file.encoding" value="UTF-8"/>
    <property name="java.specification.version" value="14"/>
    <property name="user.name" value="craigpothier"/>
    <property name="java.class.path" value="/Users/craigpothier/workspace/apache-maven-3.6.3/boot/plexus-classworlds-2.6.0.jar"/>
    <property name="java.vm.specification.version" value="14"/>
    <property name="sun.arch.data.model" value="64"/>
    <property name="sun.java.command" value="org.codehaus.plexus.classworlds.launcher.Launcher test"/>
    <property name="java.home" value="/Library/Java/JavaVirtualMachines/jdk-14.0.2.jdk/Contents/Home"/>
    <property name="user.language" value="en"/>
    <property name="java.specification.vendor" value="Oracle Corporation"/>
    <property name="java.vm.info" value="mixed mode, sharing"/>
    <property name="java.version" value="14.0.2"/>
    <property name="java.vendor" value="Oracle Corporation"/>
    <property name="maven.home" value="/Users/craigpothier/workspace/apache-maven-3.6.3"/>
    <property name="file.separator" value="/"/>
    <property name="java.version.date" value="2020-07-14"/>
    <property name="java.vendor.url.bug" value="https://bugreport.java.com/bugreport/"/>
    <property name="sun.io.unicode.encoding" value="UnicodeBig"/>
    <property name="sun.cpu.endian" value="little"/>
    <property name="socksNonProxyHosts" value="local|*.local|169.254/16|*.169.254/16"/>
    <property name="ftp.nonProxyHosts" value="local|*.local|169.254/16|*.169.254/16"/>
  </properties>
  <testcase classname="com.saucedemo.LoginFeatureTest" name="shouldBeAbleToLogin3" time="4.573"/>
  <testcase classname="com.saucedemo.CheckoutFeatureTest" name="shouldBeAbleToCheckoutWithItems" time="3.05"/>
  <testcase classname="com.saucedemo.LoginFeatureTest" name="cantLoginWithLockedOutUser2" time="3.725"/>
  <testcase classname="com.saucedemo.LoginFeatureTest" name="doesntLoginWithBadUser3" time="2.445"/>
  <testcase classname="com.saucedemo.LoginFeatureTest" name="cantLoginWithLockedOutUser" time="4.205"/>
  <testcase classname="com.saucedemo.CheckoutFeatureTest" name="shouldBeAbleToCheckoutWithItems5" time="10.252"/>
  <testcase classname="com.saucedemo.LoginFeatureTest" name="shouldBeAbleToLogin" time="10.353"/>
  <testcase classname="com.saucedemo.CheckoutFeatureTest" name="shouldBeAbleToCheckoutWithItems3" time="10.076"/>
  <testcase classname="com.saucedemo.LoginFeatureTest" name="doesntLoginWithBadUser2" time="10.076"/>
  <testcase classname="com.saucedemo.LoginFeatureTest" name="shouldBeAbleToLogin2" time="11.411"/>
  <testcase classname="com.saucedemo.LoginFeatureTest" name="doesntLoginWithBadUser" time="12.42"/>
  <testcase classname="com.saucedemo.CheckoutFeatureTest" name="shouldBeAbleToCheckoutWithItems4" time="9.553"/>
  <testcase classname="com.saucedemo.LoginFeatureTest" name="cantLoginWithLockedOutUser3" time="12.144"/>
  <testcase classname="com.saucedemo.CheckoutFeatureTest" name="shouldBeAbleToCheckoutWithItems2" time="9.967"/>
</testsuite>