<?xml version="1.0" encoding="UTF-8"?>
<!-- Generated by org.testng.reporters.JUnitReportReporter -->
<testsuite ignored="0" hostname="Craigs-MBP-2.lan" failures="0" tests="9" name="com.saucedemo.LoginFeatureTest" time="568.006" errors="0" timestamp="04 Aug 2020 23:54:02 GMT" skipped="0">
  <testcase classname="com.saucedemo.LoginFeatureTest" name="cantLoginWithLockedOutUser" time="11.724"/>
  <testcase classname="com.saucedemo.LoginFeatureTest" name="doesntLoginWithBadUser2" time="31.383"/>
  <testcase classname="com.saucedemo.LoginFeatureTest" name="cantLoginWithLockedOutUser2" time="37.134"/>
  <testcase classname="com.saucedemo.LoginFeatureTest" name="cantLoginWithLockedOutUser3" time="46.080"/>
  <testcase classname="com.saucedemo.LoginFeatureTest" name="shouldBeAbleToLogin3" time="72.503"/>
  <testcase classname="com.saucedemo.LoginFeatureTest" name="doesntLoginWithBadUser3" time="90.172"/>
  <testcase classname="com.saucedemo.LoginFeatureTest" name="shouldBeAbleToLogin2" time="58.322"/>
  <testcase classname="com.saucedemo.LoginFeatureTest" name="shouldBeAbleToLogin" time="97.835"/>
  <testcase classname="com.saucedemo.LoginFeatureTest" name="doesntLoginWithBadUser" time="122.853"/>
</testsuite> <!-- com.saucedemo.LoginFeatureTest -->
