<?xml version="1.0" encoding="UTF-8"?>
<!-- Generated by org.testng.reporters.JUnitReportReporter -->
<testsuite ignored="0" hostname="Craigs-MBP-2.lan" failures="0" tests="5" name="com.saucedemo.CheckoutFeatureTest" time="418.305" errors="0" timestamp="04 Aug 2020 23:54:02 GMT" skipped="0">
  <testcase classname="com.saucedemo.CheckoutFeatureTest" name="shouldBeAbleToCheckoutWithItems4" time="142.248"/>
  <testcase classname="com.saucedemo.CheckoutFeatureTest" name="shouldBeAbleToCheckoutWithItems2" time="77.013"/>
  <testcase classname="com.saucedemo.CheckoutFeatureTest" name="shouldBeAbleToCheckoutWithItems3" time="57.344"/>
  <testcase classname="com.saucedemo.CheckoutFeatureTest" name="shouldBeAbleToCheckoutWithItems5" time="120.878"/>
  <testcase classname="com.saucedemo.CheckoutFeatureTest" name="shouldBeAbleToCheckoutWithItems" time="20.822"/>
</testsuite> <!-- com.saucedemo.CheckoutFeatureTest -->
